<?xml version="1.0" encoding="UTF-8"?>
<testsuite name="org.eagleinvsys.test.converters.CsvConverterTests" tests="1" skipped="0" failures="0" errors="0" timestamp="2022-04-23T17:29:10" hostname="DESKTOP-QRK14TG" time="0.031">
  <properties/>
  <testcase name="convert_test()" classname="org.eagleinvsys.test.converters.CsvConverterTests" time="0.031"/>
  <system-out><![CDATA[]]></system-out>
  <system-err><![CDATA[]]></system-err>
</testsuite>
