<?xml version="1.0" encoding="UTF-8"?>
<testsuite name="org.eagleinvsys.test.converters.StandardCsvConverterTests" tests="2" skipped="0" failures="0" errors="0" timestamp="2022-04-23T17:29:10" hostname="DESKTOP-QRK14TG" time="0.005">
  <properties/>
  <testcase name="convert_OK_test()" classname="org.eagleinvsys.test.converters.StandardCsvConverterTests" time="0.002"/>
  <testcase name="convert_IncorrectFormat_test()" classname="org.eagleinvsys.test.converters.StandardCsvConverterTests" time="0.003"/>
  <system-out><![CDATA[]]></system-out>
  <system-err><![CDATA[]]></system-err>
</testsuite>
